P1 req R1: acquired
P9: ready
P1 rel R1: released
P10: ready
P1 req R2: acquired
P2 req R1: acquired
P2 req R2: waiting
P3 req R1: waiting
P4 req R1: waiting
P5 req R1: waiting
P6 req R1: waiting
P7 req R1: waiting
P8 req R1: waiting
P9 req R2: waiting
P10 req R1: waiting
Deadlock detected:P1 rel R2: released
P2: ready
P2 req R2: acquired
P2 rel R1: released
P3: ready
P3 req R1: acquired
P3 req R2: waiting
Deadlock detected:P3 rel R1: released
P4: ready
P3 req R2: waiting
P4 req R1: acquired
P4 rel R3: error nothing to release
Deadlock detected:P4 rel R1: released
P5: ready
P5 req R1: acquired
P5 req R3: acquired
P5 rel R1: released
P6: ready
P6 req R1: acquired
P6 req R2: waiting
Deadlock detected:P6 rel R1: released
P7: ready
P6 req R2: waiting
P7 req R1: acquired
P7 req R2: waiting
Deadlock detected:P7 rel R1: released
P8: ready
P7 req R2: waiting
P8 req R1: acquired
P8 req R2: waiting
Deadlock detected:P2 rel R2: released
P9: ready
P9 req R2: acquired
P9 rel R2: released
P3: ready
P6: ready
P7: ready
P8: ready
P9 req R1: waiting
P3 req R2: acquired
P3 rel R1: error nothing to release
P3 rel R2: released
P6 req R2: acquired
P6 req R3: waiting
P7 req R2: waiting
P8 req R2: waiting
Deadlock detected:P8 rel R1: released
P10: ready
P8 req R2: waiting
P10 req R1: acquired
P10 req R2: waiting
Deadlock detected:P10 rel R1: released
P9: ready
P10 req R2: waiting
P9 req R1: acquired
P9 rel R1: released
Deadlock detected:P5 rel R3: released
P6: ready
P6 req R3: acquired
P6 rel R1: error nothing to release
P6 rel R2: released
P7: ready
P7 req R2: acquired
P7 req R3: waiting
Deadlock detected:P7 rel R2: released
P8: ready
P7 req R3: waiting
P8 req R2: acquired
P8 req R3: waiting
Deadlock detected:P8 rel R2: released
P10: ready
P8 req R3: waiting
P10 req R2: acquired
P10 rel R1: error nothing to release
P10 rel R2: released
Deadlock detected:P6 rel R3: released
P7: ready
P7 req R3: acquired
P7 rel R1: error nothing to release
P7 rel R2: error nothing to release
P7 rel R3: released
P8: ready
P8 req R3: acquired
P8 rel R1: error nothing to release
P8 rel R2: error nothing to release
P8 rel R3: released
